<?xml version="1.0" encoding="UTF-8"?>
<testsuites name="Frontend Tests" tests="21" failures="0" errors="0" time="16.426">
  <testsuite name="src\services\api.test.js" errors="0" failures="0" skipped="0" timestamp="2026-02-13T22:32:04" time="8.742" tests="21">
    <testcase classname="API Service › videoAPI.getVideos" name="deve buscar vídeos do usuário atual" time="0.092">
    </testcase>
    <testcase classname="API Service › videoAPI.getVideos" name="deve retornar array vazio quando não há vídeos" time="0.02">
    </testcase>
    <testcase classname="API Service › videoAPI.getVideos" name="deve lidar com resposta direta em array" time="0.02">
    </testcase>
    <testcase classname="API Service › videoAPI.getVideos" name="deve lidar com formato items minúsculo" time="0.013">
    </testcase>
    <testcase classname="API Service › videoAPI.getVideos" name="deve lançar erro quando status é 403" time="0.141">
    </testcase>
    <testcase classname="API Service › videoAPI.getVideos" name="deve lançar erro quando status é &gt;= 400" time="0.072">
    </testcase>
    <testcase classname="API Service › videoAPI.getVideos" name="deve lançar erro com contexto quando response é 403" time="0.059">
    </testcase>
    <testcase classname="API Service › videoAPI.getUploadUrl" name="deve obter URL de upload" time="0.011">
    </testcase>
    <testcase classname="API Service › videoAPI.getUploadUrl" name="deve lançar erro quando falha" time="0.027">
    </testcase>
    <testcase classname="API Service › videoAPI.uploadVideoMetadata" name="deve enviar metadados do vídeo" time="0.008">
    </testcase>
    <testcase classname="API Service › videoAPI.uploadVideoMetadata" name="deve lançar erro quando falha" time="0.014">
    </testcase>
    <testcase classname="API Service › videoAPI.downloadVideo" name="deve fazer download do vídeo" time="0.046">
    </testcase>
    <testcase classname="API Service › videoAPI.downloadVideo" name="deve lançar erro quando URL não está disponível" time="0.016">
    </testcase>
    <testcase classname="API Service › uploadToS3" name="deve fazer upload para S3" time="0.005">
    </testcase>
    <testcase classname="API Service › uploadToS3" name="deve chamar callback de progresso" time="0.002">
    </testcase>
    <testcase classname="API Service › uploadToS3" name="deve lançar erro de cancelamento" time="0.002">
    </testcase>
    <testcase classname="API Service › parseDynamoDBItem" name="deve parsear item já em formato JavaScript" time="0.013">
    </testcase>
    <testcase classname="API Service › parseDynamoDBItem" name="deve parsear formato DynamoDB com tipos S, N, BOOL" time="0.013">
    </testcase>
    <testcase classname="API Service › parseDynamoDBItem" name="deve parsear listas DynamoDB" time="0.018">
    </testcase>
    <testcase classname="API Service › mapVideoFromAPI" name="deve mapear campos corretamente" time="0.016">
    </testcase>
    <testcase classname="API Service › mapVideoFromAPI" name="deve usar campos alternativos quando primários não existem" time="0.017">
    </testcase>
  </testsuite>
</testsuites>